c:\cocos2d-x-2.2.3\projects\w34cocos\proj.win32\debug.win32\vc120.pdb
c:\cocos2d-x-2.2.3\projects\w34cocos\proj.win32\debug.win32\vc120.idb
c:\cocos2d-x-2.2.3\projects\w34cocos\proj.win32\debug.win32\appdelegate.obj
c:\cocos2d-x-2.2.3\projects\w34cocos\proj.win32\debug.win32\helloworldscene.obj
c:\cocos2d-x-2.2.3\projects\w34cocos\proj.win32\debug.win32\main.obj
c:\cocos2d-x-2.2.3\projects\w34cocos\proj.win32\debug.win32\menuscene.obj
c:\cocos2d-x-2.2.3\projects\w34cocos\proj.win32\debug.win32\recipe3.obj
c:\cocos2d-x-2.2.3\projects\w34cocos\proj.win32\debug.win32\recipe4.obj
c:\cocos2d-x-2.2.3\projects\w34cocos\proj.win32\debug.win32\recipe5.obj
c:\cocos2d-x-2.2.3\projects\w34cocos\proj.win32\debug.win32\recipe7.obj
c:\cocos2d-x-2.2.3\projects\w34cocos\proj.win32\debug.win32\recipe8.obj
c:\cocos2d-x-2.2.3\projects\w34cocos\proj.win32\debug.win32\recipe12.obj
c:\cocos2d-x-2.2.3\projects\w34cocos\proj.win32\debug.win32\recipe13.obj
c:\cocos2d-x-2.2.3\projects\w34cocos\proj.win32\debug.win32\recipe14.obj
c:\cocos2d-x-2.2.3\projects\w34cocos\proj.win32\debug.win32\recipe15.obj
c:\cocos2d-x-2.2.3\projects\w34cocos\proj.win32\debug.win32\recipe16.obj
c:\cocos2d-x-2.2.3\projects\w34cocos\proj.win32\debug.win32\recipe26.obj
c:\cocos2d-x-2.2.3\projects\w34cocos\proj.win32\debug.win32\recipe28.obj
c:\cocos2d-x-2.2.3\projects\w34cocos\proj.win32\debug.win32\recipe39.obj
c:\cocos2d-x-2.2.3\projects\ppp\proj.win32\debug.win32\vc120.pdb
c:\cocos2d-x-2.2.3\projects\ppp\proj.win32\debug.win32\vc120.idb
c:\cocos2d-x-2.2.3\projects\ppp\proj.win32\debug.win32\appdelegate.obj
c:\cocos2d-x-2.2.3\projects\ppp\proj.win32\debug.win32\gamescene.obj
c:\cocos2d-x-2.2.3\projects\ppp\proj.win32\debug.win32\menuscene.obj
c:\cocos2d-x-2.2.3\projects\ppp\proj.win32\debug.win32\main.obj
c:\cocos2d-x-2.2.3\projects\pppmain\proj.win32\debug.win32\vc120.pdb
c:\cocos2d-x-2.2.3\projects\pppmain\proj.win32\debug.win32\vc120.idb
c:\cocos2d-x-2.2.3\projects\pppmain\proj.win32\debug.win32\appdelegate.obj
c:\cocos2d-x-2.2.3\projects\pppmain\proj.win32\debug.win32\menuscene.obj
c:\cocos2d-x-2.2.3\projects\pppmain\proj.win32\debug.win32\main.obj
c:\cocos2d-x-2.2.3\projects\w34cocos\proj.win32\debug.win32\w34cocos.ilk
c:\cocos2d-x-2.2.3\projects\w34cocos\proj.win32\debug.win32\w34cocos.exe
c:\cocos2d-x-2.2.3\projects\w34cocos\proj.win32\debug.win32\w34cocos.pdb
c:\cocos2d-x-2.2.3\projects\ppp\proj.win32\debug.win32\w34cocos.ilk
c:\cocos2d-x-2.2.3\projects\ppp\proj.win32\debug.win32\w34cocos.exe
c:\cocos2d-x-2.2.3\projects\ppp\proj.win32\debug.win32\w34cocos.pdb
c:\cocos2d-x-2.2.3\projects\pppmain\proj.win32\debug.win32\helloworldscene.obj
c:\cocos2d-x-2.2.3\projects\pppmain\proj.win32\debug.win32\recipe12.obj
c:\cocos2d-x-2.2.3\projects\pppmain\proj.win32\debug.win32\recipe13.obj
c:\cocos2d-x-2.2.3\projects\pppmain\proj.win32\debug.win32\recipe14.obj
c:\cocos2d-x-2.2.3\projects\pppmain\proj.win32\debug.win32\recipe15.obj
c:\cocos2d-x-2.2.3\projects\pppmain\proj.win32\debug.win32\recipe16.obj
c:\cocos2d-x-2.2.3\projects\pppmain\proj.win32\debug.win32\recipe26.obj
c:\cocos2d-x-2.2.3\projects\pppmain\proj.win32\debug.win32\recipe28.obj
c:\cocos2d-x-2.2.3\projects\pppmain\proj.win32\debug.win32\recipe3.obj
c:\cocos2d-x-2.2.3\projects\pppmain\proj.win32\debug.win32\recipe39.obj
c:\cocos2d-x-2.2.3\projects\pppmain\proj.win32\debug.win32\recipe4.obj
c:\cocos2d-x-2.2.3\projects\pppmain\proj.win32\debug.win32\recipe5.obj
c:\cocos2d-x-2.2.3\projects\pppmain\proj.win32\debug.win32\recipe7.obj
c:\cocos2d-x-2.2.3\projects\pppmain\proj.win32\debug.win32\recipe8.obj
c:\cocos2d-x-2.2.3\projects\pppmain\proj.win32\debug.win32\w34cocos.ilk
c:\cocos2d-x-2.2.3\projects\pppmain\proj.win32\debug.win32\libcocos2d.exp
c:\cocos2d-x-2.2.3\projects\pppmain\proj.win32\debug.win32\libcocosdenshion.exp
c:\cocos2d-x-2.2.3\projects\pppmain\proj.win32\debug.win32\libcocos2d.pdb
c:\cocos2d-x-2.2.3\projects\pppmain\proj.win32\debug.win32\libcocosdenshion.pdb
c:\cocos2d-x-2.2.3\projects\pppmain\proj.win32\debug.win32\w34cocos.pdb
c:\cocos2d-x-2.2.3\projects\pppmain\proj.win32\debug.win32\w34cocos.exe
c:\cocos2d-x-2.2.3\projects\pppmain\proj.win32\debug.win32\w34cocos.tlog\cl.command.1.tlog
c:\cocos2d-x-2.2.3\projects\pppmain\proj.win32\debug.win32\w34cocos.tlog\cl.read.1.tlog
c:\cocos2d-x-2.2.3\projects\pppmain\proj.win32\debug.win32\w34cocos.tlog\cl.write.1.tlog
c:\cocos2d-x-2.2.3\projects\pppmain\proj.win32\debug.win32\w34cocos.tlog\link.command.1.tlog
c:\cocos2d-x-2.2.3\projects\pppmain\proj.win32\debug.win32\w34cocos.tlog\link.read.1.tlog
c:\cocos2d-x-2.2.3\projects\pppmain\proj.win32\debug.win32\w34cocos.tlog\link.write.1.tlog
